# JRE version: Java(TM) SE Runtime Environment (7.0_65-b17) (build 1.7.0_65-b17)
# Java VM: Java HotSpot(TM) 64-Bit Server VM (24.65-b04 mixed mode linux-amd64 compressed oops)
Heap
 PSYoungGen      total 84992K, used 40416K [0x00000000f5500000, 0x00000000faf00000, 0x0000000100000000)
  eden space 83968K, 48% used [0x00000000f5500000,0x00000000f7c78178,0x00000000fa700000)
  from space 1024K, 0% used [0x00000000fa700000,0x00000000fa700000,0x00000000fa800000)
  to   space 4096K, 0% used [0x00000000fab00000,0x00000000fab00000,0x00000000faf00000)
 ParOldGen       total 263168K, used 184267K [0x00000000e0000000, 0x00000000f0100000, 0x00000000f5500000)
  object space 263168K, 70% used [0x00000000e0000000,0x00000000eb3f2c28,0x00000000f0100000)
 PSPermGen       total 151040K, used 150876K [0x00000000d0000000, 0x00000000d9380000, 0x00000000e0000000)
  object space 151040K, 99% used [0x00000000d0000000,0x00000000d93573d0,0x00000000d9380000)
GC Heap History (10 events):
Event: 10550699.430 GC heap before
{Heap before GC invocations=351811 (full 175796):
 PSYoungGen      total 84480K, used 96K [0x00000000f5500000, 0x00000000fb000000, 0x0000000100000000)
  eden space 83968K, 0% used [0x00000000f5500000,0x00000000f5500000,0x00000000fa700000)
  from space 512K, 18% used [0x00000000fa700000,0x00000000fa718000,0x00000000fa780000)
  to   space 4608K, 0% used [0x00000000fab80000,0x00000000fab80000,0x00000000fb000000)
 ParOldGen       total 263168K, used 184034K [0x00000000e0000000, 0x00000000f0100000, 0x00000000f5500000)
  object space 263168K, 69% used [0x00000000e0000000,0x00000000eb3b8a40,0x00000000f0100000)
 PSPermGen       total 151040K, used 150859K [0x00000000d0000000, 0x00000000d9380000, 0x00000000e0000000)
  object space 151040K, 99% used [0x00000000d0000000,0x00000000d9352c88,0x00000000d9380000)
Event: 10550699.709 GC heap after
Heap after GC invocations=351811 (full 175796):
 PSYoungGen      total 84480K, used 0K [0x00000000f5500000, 0x00000000fb000000, 0x0000000100000000)
  eden space 83968K, 0% used [0x00000000f5500000,0x00000000f5500000,0x00000000fa700000)
  from space 512K, 0% used [0x00000000fa700000,0x00000000fa700000,0x00000000fa780000)
  to   space 4608K, 0% used [0x00000000fab80000,0x00000000fab80000,0x00000000fb000000)
 ParOldGen       total 263168K, used 184038K [0x00000000e0000000, 0x00000000f0100000, 0x00000000f5500000)
  object space 263168K, 69% used [0x00000000e0000000,0x00000000eb3b9920,0x00000000f0100000)
 PSPermGen       total 151040K, used 150859K [0x00000000d0000000, 0x00000000d9380000, 0x00000000e0000000)
  object space 151040K, 99% used [0x00000000d0000000,0x00000000d9352c88,0x00000000d9380000)
}
Event: 10550759.426 GC heap before
{Heap before GC invocations=351812 (full 175796):
 PSYoungGen      total 84480K, used 935K [0x00000000f5500000, 0x00000000fb000000, 0x0000000100000000)
  eden space 83968K, 1% used [0x00000000f5500000,0x00000000f55e9fe0,0x00000000fa700000)
  from space 512K, 0% used [0x00000000fa700000,0x00000000fa700000,0x00000000fa780000)
  to   space 4608K, 0% used [0x00000000fab80000,0x00000000fab80000,0x00000000fb000000)
 ParOldGen       total 263168K, used 184038K [0x00000000e0000000, 0x00000000f0100000, 0x00000000f5500000)
  object space 263168K, 69% used [0x00000000e0000000,0x00000000eb3b9920,0x00000000f0100000)
 PSPermGen       total 151040K, used 150859K [0x00000000d0000000, 0x00000000d9380000, 0x00000000e0000000)
  object space 151040K, 99% used [0x00000000d0000000,0x00000000d9352c88,0x00000000d9380000)
Event: 10550759.430 GC heap after
Heap after GC invocations=351812 (full 175796):
 PSYoungGen      total 88576K, used 64K [0x00000000f5500000, 0x00000000fb000000, 0x0000000100000000)
  eden space 83968K, 0% used [0x00000000f5500000,0x00000000f5500000,0x00000000fa700000)
  from space 4608K, 1% used [0x00000000fab80000,0x00000000fab90000,0x00000000fb000000)
  to   space 4608K, 0% used [0x00000000fa700000,0x00000000fa700000,0x00000000fab80000)
 ParOldGen       total 263168K, used 184038K [0x00000000e0000000, 0x00000000f0100000, 0x00000000f5500000)
  object space 263168K, 69% used [0x00000000e0000000,0x00000000eb3b9920,0x00000000f0100000)
 PSPermGen       total 151040K, used 150859K [0x00000000d0000000, 0x00000000d9380000, 0x00000000e0000000)
  object space 151040K, 99% used [0x00000000d0000000,0x00000000d9352c88,0x00000000d9380000)
}
Event: 10550759.430 GC heap before
{Heap before GC invocations=351813 (full 175797):
 PSYoungGen      total 88576K, used 64K [0x00000000f5500000, 0x00000000fb000000, 0x0000000100000000)
  eden space 83968K, 0% used [0x00000000f5500000,0x00000000f5500000,0x00000000fa700000)
  from space 4608K, 1% used [0x00000000fab80000,0x00000000fab90000,0x00000000fb000000)
  to   space 4608K, 0% used [0x00000000fa700000,0x00000000fa700000,0x00000000fab80000)
 ParOldGen       total 263168K, used 184038K [0x00000000e0000000, 0x00000000f0100000, 0x00000000f5500000)
  object space 263168K, 69% used [0x00000000e0000000,0x00000000eb3b9920,0x00000000f0100000)
 PSPermGen       total 151040K, used 150859K [0x00000000d0000000, 0x00000000d9380000, 0x00000000e0000000)
  object space 151040K, 99% used [0x00000000d0000000,0x00000000d9352c88,0x00000000d9380000)
Event: 10550759.702 GC heap after
Heap after GC invocations=351813 (full 175797):
 PSYoungGen      total 88576K, used 0K [0x00000000f5500000, 0x00000000fb000000, 0x0000000100000000)
  eden space 83968K, 0% used [0x00000000f5500000,0x00000000f5500000,0x00000000fa700000)
  from space 4608K, 0% used [0x00000000fab80000,0x00000000fab80000,0x00000000fb000000)
  to   space 4608K, 0% used [0x00000000fa700000,0x00000000fa700000,0x00000000fab80000)
 ParOldGen       total 263168K, used 184041K [0x00000000e0000000, 0x00000000f0100000, 0x00000000f5500000)
  object space 263168K, 69% used [0x00000000e0000000,0x00000000eb3ba460,0x00000000f0100000)
 PSPermGen       total 151040K, used 150859K [0x00000000d0000000, 0x00000000d9380000, 0x00000000e0000000)
  object space 151040K, 99% used [0x00000000d0000000,0x00000000d9352c88,0x00000000d9380000)
}
Event: 10550819.426 GC heap before
{Heap before GC invocations=351814 (full 175797):
 PSYoungGen      total 88576K, used 8639K [0x00000000f5500000, 0x00000000fb000000, 0x0000000100000000)
  eden space 83968K, 10% used [0x00000000f5500000,0x00000000f5d6fd70,0x00000000fa700000)
  from space 4608K, 0% used [0x00000000fab80000,0x00000000fab80000,0x00000000fb000000)
  to   space 4608K, 0% used [0x00000000fa700000,0x00000000fa700000,0x00000000fab80000)
 ParOldGen       total 263168K, used 184041K [0x00000000e0000000, 0x00000000f0100000, 0x00000000f5500000)
  object space 263168K, 69% used [0x00000000e0000000,0x00000000eb3ba460,0x00000000f0100000)
 PSPermGen       total 151040K, used 150859K [0x00000000d0000000, 0x00000000d9380000, 0x00000000e0000000)
  object space 151040K, 99% used [0x00000000d0000000,0x00000000d9352c88,0x00000000d9380000)
Event: 10550819.433 GC heap after
Heap after GC invocations=351814 (full 175797):
 PSYoungGen      total 84992K, used 672K [0x00000000f5500000, 0x00000000faf00000, 0x0000000100000000)
  eden space 83968K, 0% used [0x00000000f5500000,0x00000000f5500000,0x00000000fa700000)
  from space 1024K, 65% used [0x00000000fa700000,0x00000000fa7a8000,0x00000000fa800000)
  to   space 4096K, 0% used [0x00000000fab00000,0x00000000fab00000,0x00000000faf00000)
 ParOldGen       total 263168K, used 184041K [0x00000000e0000000, 0x00000000f0100000, 0x00000000f5500000)
  object space 263168K, 69% used [0x00000000e0000000,0x00000000eb3ba460,0x00000000f0100000)
 PSPermGen       total 151040K, used 150859K [0x00000000d0000000, 0x00000000d9380000, 0x00000000e0000000)
  object space 151040K, 99% used [0x00000000d0000000,0x00000000d9352c88,0x00000000d9380000)
}
Event: 10550819.433 GC heap before
{Heap before GC invocations=351815 (full 175798):
 PSYoungGen      total 84992K, used 672K [0x00000000f5500000, 0x00000000faf00000, 0x0000000100000000)
  eden space 83968K, 0% used [0x00000000f5500000,0x00000000f5500000,0x00000000fa700000)
  from space 1024K, 65% used [0x00000000fa700000,0x00000000fa7a8000,0x00000000fa800000)
  to   space 4096K, 0% used [0x00000000fab00000,0x00000000fab00000,0x00000000faf00000)
 ParOldGen       total 263168K, used 184041K [0x00000000e0000000, 0x00000000f0100000, 0x00000000f5500000)
  object space 263168K, 69% used [0x00000000e0000000,0x00000000eb3ba460,0x00000000f0100000)
 PSPermGen       total 151040K, used 150859K [0x00000000d0000000, 0x00000000d9380000, 0x00000000e0000000)
  object space 151040K, 99% used [0x00000000d0000000,0x00000000d9352c88,0x00000000d9380000)
Event: 10550819.717 GC heap after
Heap after GC invocations=351815 (full 175798):
 PSYoungGen      total 84992K, used 0K [0x00000000f5500000, 0x00000000faf00000, 0x0000000100000000)
  eden space 83968K, 0% used [0x00000000f5500000,0x00000000f5500000,0x00000000fa700000)
  from space 1024K, 0% used [0x00000000fa700000,0x00000000fa700000,0x00000000fa800000)
  to   space 4096K, 0% used [0x00000000fab00000,0x00000000fab00000,0x00000000faf00000)
 ParOldGen       total 263168K, used 184267K [0x00000000e0000000, 0x00000000f0100000, 0x00000000f5500000)
  object space 263168K, 70% used [0x00000000e0000000,0x00000000eb3f2c28,0x00000000f0100000)
 PSPermGen       total 151040K, used 150859K [0x00000000d0000000, 0x00000000d9380000, 0x00000000e0000000)
  object space 151040K, 99% used [0x00000000d0000000,0x00000000d9352c88,0x00000000d9380000)
}

